<?xml version="1.0" encoding="UTF-8"?>
<testng-results skipped="0" failed="0" total="1" passed="1">
  <reporter-output>
  </reporter-output>
  <suite name="Suite" duration-ms="5063" started-at="2018-06-03T09:07:46Z" finished-at="2018-06-03T09:07:51Z">
    <groups>
    </groups>
    <test name="Test" duration-ms="5063" started-at="2018-06-03T09:07:46Z" finished-at="2018-06-03T09:07:51Z">
      <class name="MyPack1.GoogleTest">
        <test-method status="PASS" signature="googleTest()[pri:0, instance:MyPack1.GoogleTest@735b5592]" name="googleTest" duration-ms="5041" started-at="2018-06-03T14:37:46Z" finished-at="2018-06-03T14:37:51Z">
          <reporter-output>
          </reporter-output>
        </test-method> <!-- googleTest -->
      </class> <!-- MyPack1.GoogleTest -->
    </test> <!-- Test -->
  </suite> <!-- Suite -->
</testng-results>
